2023-09-10 20:53:25,719:WARNING:c:\Users\Inteli\OneDrive\Documents\GitHub\modulo-7\Ponderada 3\.venv\lib\site-packages\pycaret\internal\pipeline.py:135: UserWarning: Version mismatch:
current: {'deps_info': {'pip': '23.2.1', 'setuptools': '58.1.0', 'pycaret': '3.0.4', 'IPython': '7.34.0', 'ipywidgets': '8.1.0', 'tqdm': '4.66.1', 'numpy': '1.23.5', 'pandas': '1.5.3', 'jinja2': '3.1.2', 'scipy': '1.10.1', 'joblib': '1.3.2', 'sklearn': '1.2.2', 'pyod': '1.1.0', 'imblearn': '0.11.0', 'category_encoders': '2.6.2', 'lightgbm': '4.0.0', 'numba': '0.57.1', 'requests': '2.31.0', 'matplotlib': '3.7.2', 'scikitplot': '0.3.7', 'yellowbrick': '1.5', 'plotly': '5.16.1', 'plotly-resampler': 'Not installed', 'kaleido': '0.2.1', 'schemdraw': '0.15', 'statsmodels': '0.14.0', 'sktime': '0.22.0', 'tbats': '1.1.3', 'pmdarima': '2.0.3', 'psutil': '5.9.5', 'markupsafe': '2.1.3', 'pickle5': 'Not installed', 'cloudpickle': '2.2.1', 'deprecation': '2.1.0', 'xxhash': '3.3.0', 'wurlitzer': 'Not installed'}, 'python': {'version': '3.10.4', 'machine': 'AMD64'}}
pickle: {'deps_info': {'pip': '23.1.2', 'setuptools': '67.7.2', 'pycaret': '3.0.4', 'IPython': '7.34.0', 'ipywidgets': '7.7.1', 'tqdm': '4.66.1', 'numpy': '1.23.5', 'pandas': '1.5.3', 'jinja2': '3.1.2', 'scipy': '1.10.1', 'joblib': '1.3.2', 'sklearn': '1.2.2', 'pyod': '1.1.0', 'imblearn': '0.10.1', 'category_encoders': '2.6.2', 'lightgbm': '4.0.0', 'numba': '0.56.4', 'requests': '2.31.0', 'matplotlib': '3.7.1', 'scikitplot': '0.3.7', 'yellowbrick': '1.5', 'plotly': '5.15.0', 'plotly-resampler': 'Not installed', 'kaleido': '0.2.1', 'schemdraw': '0.15', 'statsmodels': '0.14.0', 'sktime': '0.22.0', 'tbats': '1.1.3', 'pmdarima': '2.0.3', 'psutil': '5.9.5', 'markupsafe': '2.1.3', 'pickle5': 'Not installed', 'cloudpickle': '2.2.1', 'deprecation': '2.1.0', 'xxhash': '3.3.0', 'wurlitzer': '3.0.3'}, 'python': {'version': '3.10.12', 'machine': 'x86_64'}}
  warnings.warn(

2023-09-10 20:54:15,105:WARNING:
'cuml' is a soft dependency and not included in the pycaret installation. Please run: `pip install cuml` to install.
2023-09-10 20:54:15,105:WARNING:
'cuml' is a soft dependency and not included in the pycaret installation. Please run: `pip install cuml` to install.
2023-09-10 20:54:15,105:WARNING:
'cuml' is a soft dependency and not included in the pycaret installation. Please run: `pip install cuml` to install.
2023-09-10 20:54:15,105:WARNING:
'cuml' is a soft dependency and not included in the pycaret installation. Please run: `pip install cuml` to install.
2023-09-10 20:54:33,636:INFO:Initializing load_model()
2023-09-10 20:54:33,636:INFO:load_model(model_name=heart_predict, platform=None, authentication=None, verbose=True)
2023-09-10 20:56:04,320:WARNING:
'cuml' is a soft dependency and not included in the pycaret installation. Please run: `pip install cuml` to install.
2023-09-10 20:56:04,320:WARNING:
'cuml' is a soft dependency and not included in the pycaret installation. Please run: `pip install cuml` to install.
2023-09-10 20:56:04,320:WARNING:
'cuml' is a soft dependency and not included in the pycaret installation. Please run: `pip install cuml` to install.
2023-09-10 20:56:04,320:WARNING:
'cuml' is a soft dependency and not included in the pycaret installation. Please run: `pip install cuml` to install.
2023-09-10 20:56:05,659:INFO:Initializing load_model()
2023-09-10 20:56:05,660:INFO:load_model(model_name=heart_predict, platform=None, authentication=None, verbose=True)
2023-09-10 20:57:01,613:WARNING:
'cuml' is a soft dependency and not included in the pycaret installation. Please run: `pip install cuml` to install.
2023-09-10 20:57:01,615:WARNING:
'cuml' is a soft dependency and not included in the pycaret installation. Please run: `pip install cuml` to install.
2023-09-10 20:57:01,615:WARNING:
'cuml' is a soft dependency and not included in the pycaret installation. Please run: `pip install cuml` to install.
2023-09-10 20:57:01,615:WARNING:
'cuml' is a soft dependency and not included in the pycaret installation. Please run: `pip install cuml` to install.
2023-09-10 20:57:02,920:INFO:Initializing load_model()
2023-09-10 20:57:02,920:INFO:load_model(model_name=heart_predict.pkl, platform=None, authentication=None, verbose=True)
2023-09-10 20:57:13,680:WARNING:
'cuml' is a soft dependency and not included in the pycaret installation. Please run: `pip install cuml` to install.
2023-09-10 20:57:13,680:WARNING:
'cuml' is a soft dependency and not included in the pycaret installation. Please run: `pip install cuml` to install.
2023-09-10 20:57:13,680:WARNING:
'cuml' is a soft dependency and not included in the pycaret installation. Please run: `pip install cuml` to install.
2023-09-10 20:57:13,680:WARNING:
'cuml' is a soft dependency and not included in the pycaret installation. Please run: `pip install cuml` to install.
2023-09-10 20:57:15,060:INFO:Initializing load_model()
2023-09-10 20:57:15,060:INFO:load_model(model_name=heart_predict, platform=None, authentication=None, verbose=True)
2023-09-10 20:58:10,053:WARNING:
'cuml' is a soft dependency and not included in the pycaret installation. Please run: `pip install cuml` to install.
2023-09-10 20:58:10,053:WARNING:
'cuml' is a soft dependency and not included in the pycaret installation. Please run: `pip install cuml` to install.
2023-09-10 20:58:10,053:WARNING:
'cuml' is a soft dependency and not included in the pycaret installation. Please run: `pip install cuml` to install.
2023-09-10 20:58:10,053:WARNING:
'cuml' is a soft dependency and not included in the pycaret installation. Please run: `pip install cuml` to install.
2023-09-10 20:58:11,193:INFO:Initializing load_model()
2023-09-10 20:58:11,194:INFO:load_model(model_name=heart_predict, platform=None, authentication=None, verbose=True)
2023-09-10 20:58:30,619:WARNING:
'cuml' is a soft dependency and not included in the pycaret installation. Please run: `pip install cuml` to install.
2023-09-10 20:58:30,619:WARNING:
'cuml' is a soft dependency and not included in the pycaret installation. Please run: `pip install cuml` to install.
2023-09-10 20:58:30,620:WARNING:
'cuml' is a soft dependency and not included in the pycaret installation. Please run: `pip install cuml` to install.
2023-09-10 20:58:30,620:WARNING:
'cuml' is a soft dependency and not included in the pycaret installation. Please run: `pip install cuml` to install.
2023-09-10 20:58:31,659:INFO:Initializing load_model()
2023-09-10 20:58:31,660:INFO:load_model(model_name=model/heart_predict, platform=None, authentication=None, verbose=True)
2023-09-10 20:59:10,126:WARNING:
'cuml' is a soft dependency and not included in the pycaret installation. Please run: `pip install cuml` to install.
2023-09-10 20:59:10,126:WARNING:
'cuml' is a soft dependency and not included in the pycaret installation. Please run: `pip install cuml` to install.
2023-09-10 20:59:10,126:WARNING:
'cuml' is a soft dependency and not included in the pycaret installation. Please run: `pip install cuml` to install.
2023-09-10 20:59:10,127:WARNING:
'cuml' is a soft dependency and not included in the pycaret installation. Please run: `pip install cuml` to install.
2023-09-10 20:59:11,427:INFO:Initializing load_model()
2023-09-10 20:59:11,428:INFO:load_model(model_name=model/heart_predict, platform=None, authentication=None, verbose=True)
2023-09-10 21:01:47,760:WARNING:
'cuml' is a soft dependency and not included in the pycaret installation. Please run: `pip install cuml` to install.
2023-09-10 21:01:47,760:WARNING:
'cuml' is a soft dependency and not included in the pycaret installation. Please run: `pip install cuml` to install.
2023-09-10 21:01:47,760:WARNING:
'cuml' is a soft dependency and not included in the pycaret installation. Please run: `pip install cuml` to install.
2023-09-10 21:01:47,760:WARNING:
'cuml' is a soft dependency and not included in the pycaret installation. Please run: `pip install cuml` to install.
2023-09-10 21:01:52,598:WARNING:
'cuml' is a soft dependency and not included in the pycaret installation. Please run: `pip install cuml` to install.
2023-09-10 21:01:52,599:WARNING:
'cuml' is a soft dependency and not included in the pycaret installation. Please run: `pip install cuml` to install.
2023-09-10 21:01:52,599:WARNING:
'cuml' is a soft dependency and not included in the pycaret installation. Please run: `pip install cuml` to install.
2023-09-10 21:01:52,599:WARNING:
'cuml' is a soft dependency and not included in the pycaret installation. Please run: `pip install cuml` to install.
2023-09-10 21:01:53,667:INFO:Initializing load_model()
2023-09-10 21:01:53,667:INFO:load_model(model_name=C:\Users\Inteli\OneDrive\Documents\GitHub\modulo-7\Ponderada 3\app\model/heart_predict.pkl, platform=None, authentication=None, verbose=True)
2023-09-10 21:02:07,974:WARNING:
'cuml' is a soft dependency and not included in the pycaret installation. Please run: `pip install cuml` to install.
2023-09-10 21:02:07,975:WARNING:
'cuml' is a soft dependency and not included in the pycaret installation. Please run: `pip install cuml` to install.
2023-09-10 21:02:07,975:WARNING:
'cuml' is a soft dependency and not included in the pycaret installation. Please run: `pip install cuml` to install.
2023-09-10 21:02:07,975:WARNING:
'cuml' is a soft dependency and not included in the pycaret installation. Please run: `pip install cuml` to install.
2023-09-10 21:02:08,992:INFO:Initializing load_model()
2023-09-10 21:02:08,992:INFO:load_model(model_name=C:\Users\Inteli\OneDrive\Documents\GitHub\modulo-7\Ponderada 3\app\model/heart_predict, platform=None, authentication=None, verbose=True)
2023-09-10 21:02:09,082:WARNING:c:\Users\Inteli\OneDrive\Documents\GitHub\modulo-7\Ponderada 3\.venv\lib\site-packages\pycaret\internal\pipeline.py:135: UserWarning: Version mismatch:
current: {'deps_info': {'pip': '23.2.1', 'setuptools': '58.1.0', 'pycaret': '3.0.4', 'IPython': '7.34.0', 'ipywidgets': '8.1.0', 'tqdm': '4.66.1', 'numpy': '1.23.5', 'pandas': '1.5.3', 'jinja2': '3.1.2', 'scipy': '1.10.1', 'joblib': '1.3.2', 'sklearn': '1.2.2', 'pyod': '1.1.0', 'imblearn': '0.11.0', 'category_encoders': '2.6.2', 'lightgbm': '4.0.0', 'numba': '0.57.1', 'requests': '2.31.0', 'matplotlib': '3.7.2', 'scikitplot': '0.3.7', 'yellowbrick': '1.5', 'plotly': '5.16.1', 'plotly-resampler': 'Not installed', 'kaleido': '0.2.1', 'schemdraw': '0.15', 'statsmodels': '0.14.0', 'sktime': '0.22.0', 'tbats': '1.1.3', 'pmdarima': '2.0.3', 'psutil': '5.9.5', 'markupsafe': '2.1.3', 'pickle5': 'Not installed', 'cloudpickle': '2.2.1', 'deprecation': '2.1.0', 'xxhash': '3.3.0', 'wurlitzer': 'Not installed'}, 'python': {'version': '3.10.4', 'machine': 'AMD64'}}
pickle: {'deps_info': {'pip': '23.1.2', 'setuptools': '67.7.2', 'pycaret': '3.0.4', 'IPython': '7.34.0', 'ipywidgets': '7.7.1', 'tqdm': '4.66.1', 'numpy': '1.23.5', 'pandas': '1.5.3', 'jinja2': '3.1.2', 'scipy': '1.10.1', 'joblib': '1.3.2', 'sklearn': '1.2.2', 'pyod': '1.1.0', 'imblearn': '0.10.1', 'category_encoders': '2.6.2', 'lightgbm': '4.0.0', 'numba': '0.56.4', 'requests': '2.31.0', 'matplotlib': '3.7.1', 'scikitplot': '0.3.7', 'yellowbrick': '1.5', 'plotly': '5.15.0', 'plotly-resampler': 'Not installed', 'kaleido': '0.2.1', 'schemdraw': '0.15', 'statsmodels': '0.14.0', 'sktime': '0.22.0', 'tbats': '1.1.3', 'pmdarima': '2.0.3', 'psutil': '5.9.5', 'markupsafe': '2.1.3', 'pickle5': 'Not installed', 'cloudpickle': '2.2.1', 'deprecation': '2.1.0', 'xxhash': '3.3.0', 'wurlitzer': '3.0.3'}, 'python': {'version': '3.10.12', 'machine': 'x86_64'}}
  warnings.warn(

2023-09-10 21:04:30,027:INFO:Initializing predict_model()
2023-09-10 21:04:30,027:INFO:predict_model(self=<pycaret.classification.oop.ClassificationExperiment object at 0x000002DE8E3C4B20>, estimator=Pipeline(memory=FastMemory(location=/tmp/joblib),
         steps=[('numerical_imputer',
                 TransformerWrapper(include=['age', 'trestbps', 'chol',
                                             'thalach', 'oldpeak'],
                                    transformer=SimpleImputer())),
                ('categorical_imputer',
                 TransformerWrapper(include=['sex', 'cp', 'fbs', 'restecg',
                                             'exang', 'slope', 'ca', 'thal'],
                                    transformer=SimpleImputer(strategy='most_frequent'))),
                ('ordinal...
                 TransformerWrapper(include=['cp', 'restecg', 'slope', 'ca',
                                             'thal'],
                                    transformer=OneHotEncoder(cols=['cp',
                                                                    'restecg',
                                                                    'slope',
                                                                    'ca',
                                                                    'thal'],
                                                              handle_missing='return_nan',
                                                              use_cat_names=True))),
                ('actual_estimator',
                 RandomForestClassifier(bootstrap=False,
                                        class_weight='balanced_subsample',
                                        max_depth=4,
                                        min_impurity_decrease=0.0005,
                                        min_samples_leaf=3, min_samples_split=5,
                                        n_estimators=260, n_jobs=-1,
                                        random_state=123))]), probability_threshold=None, encoded_labels=False, raw_score=False, round=4, verbose=True, ml_usecase=None, preprocess=True, encode_labels=<function _SupervisedExperiment.predict_model.<locals>.encode_labels at 0x000002DE8E3A1A20>)
2023-09-10 21:04:30,027:INFO:Checking exceptions
2023-09-10 21:04:30,027:INFO:Preloading libraries
2023-09-10 21:04:30,027:INFO:Set up data.
2023-09-10 21:04:30,045:INFO:Set up index.
